#
# A fatal error has been detected by the Java Runtime Environment:
#
#  Internal Error (classFileParser.cpp:3494), pid=6484, tid=2864
#  Error: ShouldNotReachHere()
#
# JRE version: 6.0_25-b06
# Java VM: Java HotSpot(TM) 64-Bit Server VM (20.0-b11 mixed mode windows-amd64 compressed oops)
# If you would like to submit a bug report, please visit:
#   http://java.sun.com/webapps/bugreport/crash.jsp
#

---------------  T H R E A D  ---------------

Current thread (0x000000000037d800):  JavaThread "Unknown thread" [_thread_in_vm, id=2864, stack(0x0000000002570000,0x0000000002670000)]

Stack: [0x0000000002570000,0x0000000002670000]
[error occurred during error reporting (printing stack bounds), id 0xc0000005]


---------------  P R O C E S S  ---------------

Java Threads: ( => current thread )

Other Threads:

=>0x000000000037d800 (exited) JavaThread "Unknown thread" [_thread_in_vm, id=2864, stack(0x0000000002570000,0x0000000002670000)]

VM state:not at safepoint (not fully initialized)

VM Mutex/Monitor currently owned by a thread: None

Dynamic libraries:
0x0000000000400000 - 0x000000000042e000 	C:\Program Files\Java\jre6\bin\javaw.exe
0x0000000076fd0000 - 0x0000000077179000 	C:\Windows\SYSTEM32\ntdll.dll
0x0000000076b50000 - 0x0000000076c6f000 	C:\Windows\system32\kernel32.dll
0x000007fefd520000 - 0x000007fefd58c000 	C:\Windows\system32\KERNELBASE.dll
0x0000000074840000 - 0x000000007487f000 	C:\Program Files\AVAST Software\Avast\snxhk64.dll
0x000007fefe6f0000 - 0x000007fefe7cb000 	C:\Windows\system32\ADVAPI32.dll
0x000007fefe7d0000 - 0x000007fefe86f000 	C:\Windows\system32\msvcrt.dll
0x000007fefea60000 - 0x000007fefea7f000 	C:\Windows\SYSTEM32\sechost.dll
0x000007feff1b0000 - 0x000007feff2dd000 	C:\Windows\system32\RPCRT4.dll
0x0000000076a50000 - 0x0000000076b4a000 	C:\Windows\system32\USER32.dll
0x000007fefe630000 - 0x000007fefe697000 	C:\Windows\system32\GDI32.dll
0x000007fefe6e0000 - 0x000007fefe6ee000 	C:\Windows\system32\LPK.dll
0x000007feff060000 - 0x000007feff129000 	C:\Windows\system32\USP10.dll
0x000007fefe6b0000 - 0x000007fefe6de000 	C:\Windows\system32\IMM32.DLL
0x000007fefe950000 - 0x000007fefea59000 	C:\Windows\system32\MSCTF.dll
0x000000006d7f0000 - 0x000000006dfa8000 	C:\Program Files\Java\jre6\bin\server\jvm.dll
0x000007fefb5a0000 - 0x000007fefb5db000 	C:\Windows\system32\WINMM.dll
0x000000006d760000 - 0x000000006d76e000 	C:\Program Files\Java\jre6\bin\verify.dll
0x000000006d3b0000 - 0x000000006d3d7000 	C:\Program Files\Java\jre6\bin\java.dll
0x0000000077190000 - 0x0000000077197000 	C:\Windows\system32\PSAPI.DLL
0x000000006d420000 - 0x000000006d454000 	C:\Program Files\Java\jre6\bin\jdwp.dll
0x000000006d630000 - 0x000000006d638000 	C:\Program Files\Java\jre6\bin\npt.dll
0x000000006d7b0000 - 0x000000006d7c2000 	C:\Program Files\Java\jre6\bin\zip.dll

VM Arguments:
jvm_args: -agentlib:jdwp=transport=dt_socket,suspend=y,address=localhost:61002 -Dfile.encoding=Cp1252 -Xbootclasspath:C:\android-sdk-windows\platforms\android-10\android.jar 
java_command: com.togetherness.dm.DatabaseConfigUtil
Launcher Type: SUN_STANDARD

Environment Variables:
JAVA_HOME=C:\Program Files\Java\jdk1.6.0_25
CLASSPATH=.;C:\Program Files (x86)\Java\jre6\lib\ext\QTJava.zip
PATH=C:\Program Files\Common Files\Microsoft Shared\Microsoft Online Services;C:\Program Files (x86)\Common Files\Microsoft Shared\Microsoft Online Services;C:\Program Files (x86)\Eazfuscator.NET;C:\csvn\bin\;C:\csvn\Python25\;C:\Program Files (x86)\AMD APP\bin\x86_64;C:\Program Files (x86)\AMD APP\bin\x86;C:\Program Files (x86)\WANdisco\Subversion;C:\Windows\system32;C:\Windows;C:\Windows\System32\Wbem;C:\Windows\System32\WindowsPowerShell\v1.0\;C:\Program Files\WIDCOMM\Bluetooth Software\;C:\Program Files\WIDCOMM\Bluetooth Software\syswow64;C:\Program Files (x86)\ZipGenius 6\;C:\Program Files (x86)\Microsoft SQL Server\100\Tools\Binn\;C:\Program Files\Microsoft SQL Server\100\Tools\Binn\;C:\Program Files\Microsoft SQL Server\100\DTS\Binn\;C:\Program Files (x86)\Microsoft SQL Server\100\Tools\Binn\VSShell\Common7\IDE\;C:\Program Files (x86)\Microsoft SQL Server\100\DTS\Binn\;C:\Program Files (x86)\Microsoft Visual Studio 9.0\Common7\IDE\PrivateAssemblies\;C:\Program Files (x86)\ATI Technologies\ATI.ACE\Core-Static;C:\Program Files (x86)\Common Files\Teleca Shared;C:\Program Files\Microsoft Windows Performance Toolkit\;c:\program files (x86)\microsoft sdks\windows\v7.0A\bin\;c:\xampp\php;c:\Program files (x86)\windows resource kits\tools;C:\Program Files (x86)\QuickTime\QTSystem\;C:\wamp\bin\php\php5.3.8;C:\Program Files (x86)\ZendFramework-1.11.11\bin;C:\Program Files\Mercurial\;C:\Program Files (x86)\MySQL\MySQL Workbench CE 5.2.35;C:\Program Files\TortoiseSVN\bin;C:\Program Files (x86)\Git\cmd;C:\Program Files (x86)\Lua\5.1;C:\Program Files (x86)\Lua\5.1\clibs
USERNAME=VHanded
OS=Windows_NT
PROCESSOR_IDENTIFIER=Intel64 Family 6 Model 23 Stepping 6, GenuineIntel



---------------  S Y S T E M  ---------------

OS: Windows 7 Build 7601 Service Pack 1

CPU:total 2 (2 cores per cpu, 1 threads per core) family 6 model 23 stepping 6, cmov, cx8, fxsr, mmx, sse, sse2, sse3, ssse3, sse4.1

Memory: 4k page, physical 4158404k(491700k free), swap 8314956k(3386052k free)

vm_info: Java HotSpot(TM) 64-Bit Server VM (20.0-b11) for windows-amd64 JRE (1.6.0_25-b06), built on Apr 14 2011 00:44:38 by "java_re" with MS VC++ 8.0 (VS2005)

time: Sun Apr 01 08:01:43 2012
elapsed time: 0 seconds

